#
# There is insufficient memory for the Java Runtime Environment to continue.
# Native memory allocation (malloc) failed to allocate 32744 bytes for ChunkPool::allocate
# Possible reasons:
#   The system is out of physical RAM or swap space
#   The process is running with CompressedOops enabled, and the Java Heap may be blocking the growth of the native heap
# Possible solutions:
#   Reduce memory load on the system
#   Increase physical memory or swap space
#   Check if swap backing store is full
#   Decrease Java heap size (-Xmx/-Xms)
#   Decrease number of Java threads
#   Decrease Java thread stack sizes (-Xss)
#   Set larger code cache with -XX:ReservedCodeCacheSize=
#   JVM is running with Unscaled Compressed Oops mode in which the Java heap is
#     placed in the first 4GB address space. The Java Heap base address is the
#     maximum limit for the native heap growth. Please use -XX:HeapBaseMinAddress
#     to set the Java Heap base and to place the Java Heap above 4GB virtual address.
# This output file may be truncated or incomplete.
#
#  Out of Memory Error (arena.cpp:79), pid=7016, tid=23256
#
# JRE version: OpenJDK Runtime Environment Temurin-17.0.10+7 (17.0.10+7) (build 17.0.10+7)
# Java VM: OpenJDK 64-Bit Server VM Temurin-17.0.10+7 (17.0.10+7, mixed mode, tiered, compressed oops, compressed class ptrs, parallel gc, windows-amd64)
# No core dump will be written. Minidumps are not enabled by default on client versions of Windows
#

---------------  S U M M A R Y ------------

Command Line: --add-modules=ALL-SYSTEM --add-opens=java.base/java.util=ALL-UNNAMED --add-opens=java.base/java.lang=ALL-UNNAMED --add-opens=java.base/sun.nio.fs=ALL-UNNAMED -Declipse.application=org.eclipse.jdt.ls.core.id1 -Dosgi.bundles.defaultStartLevel=4 -Declipse.product=org.eclipse.jdt.ls.core.product -Djava.import.generatesMetadataFilesAtProjectRoot=false -DDetectVMInstallationsJob.disabled=true -Dfile.encoding=utf8 -XX:+UseParallelGC -XX:GCTimeRatio=4 -XX:AdaptiveSizePolicyWeight=90 -Dsun.zip.disableMemoryMapping=true -Xmx1G -Xms100m -Xlog:disable -javaagent:c:\Users\Akash\.vscode\extensions\redhat.java-1.27.0-win32-x64\lombok\lombok-1.18.31.jar -XX:+HeapDumpOnOutOfMemoryError -XX:HeapDumpPath=c:\Users\Akash\AppData\Roaming\Code\User\workspaceStorage\45adc3ce613ddee9ed0597dbf71d75d8\redhat.java -Daether.dependencyCollector.impl=bf c:\Users\Akash\.vscode\extensions\redhat.java-1.27.0-win32-x64\server\plugins\org.eclipse.equinox.launcher_1.6.700.v20231214-2017.jar -configuration c:\Users\Akash\AppData\Roaming\Code\User\globalStorage\redhat.java\1.27.0\config_win -data c:\Users\Akash\AppData\Roaming\Code\User\workspaceStorage\45adc3ce613ddee9ed0597dbf71d75d8\redhat.java\jdt_ws --stdio

Host: AMD Ryzen 3 3250U with Radeon Graphics         , 4 cores, 5G,  Windows 11 , 64 bit Build 22621 (10.0.22621.2506)
Time: Thu Feb  8 12:41:44 2024 India Standard Time elapsed time: 18.279615 seconds (0d 0h 0m 18s)

---------------  T H R E A D  ---------------

Current thread (0x000001d3f92fc610):  JavaThread "C1 CompilerThread0" daemon [_thread_in_native, id=23256, stack(0x000000bd47f00000,0x000000bd48000000)]


Current CompileTask:
C1:  18279 2132   !   3       org.eclipse.osgi.internal.framework.EquinoxBundle::adapt0 (939 bytes)

Stack: [0x000000bd47f00000,0x000000bd48000000]
Native frames: (J=compiled Java code, j=interpreted, Vv=VM code, C=native code)
V  [jvm.dll+0x67d2c9]
V  [jvm.dll+0x834afa]
V  [jvm.dll+0x8365be]
V  [jvm.dll+0x836c23]
V  [jvm.dll+0x2477ff]
V  [jvm.dll+0xac711]
V  [jvm.dll+0xacb5c]
V  [jvm.dll+0x10f0d0]
V  [jvm.dll+0x164ffa]
V  [jvm.dll+0x15f60e]
V  [jvm.dll+0x14d7b0]
V  [jvm.dll+0x1362e7]
V  [jvm.dll+0x135c7f]
V  [jvm.dll+0x135eb6]
V  [jvm.dll+0x13534a]
V  [jvm.dll+0x137001]
V  [jvm.dll+0x2290de]
V  [jvm.dll+0x2272ac]
V  [jvm.dll+0x7e9bb7]
V  [jvm.dll+0x7e3fba]
V  [jvm.dll+0x67c1b5]
C  [ucrtbase.dll+0x29363]
C  [KERNEL32.DLL+0x1257d]
C  [ntdll.dll+0x5aa58]


---------------  P R O C E S S  ---------------

Threads class SMR info:
_java_thread_list=0x000001d3febfa7f0, length=17, elements={
0x000001d3f250a610, 0x000001d3f92b2030, 0x000001d3f92b30a0, 0x000001d3f92dcf10,
0x000001d3f92dd8e0, 0x000001d3f92de3b0, 0x000001d3f92ded80, 0x000001d3f92dfa30,
0x000001d3f92fc610, 0x000001d3f92fd2d0, 0x000001d3f256a460, 0x000001d3fe72b5c0,
0x000001d3fe85dac0, 0x000001d3fe85dfd0, 0x000001d3fe85d5b0, 0x000001d3fe85e4e0,
0x000001d3fe85fe30
}

Java Threads: ( => current thread )
  0x000001d3f250a610 JavaThread "main" [_thread_blocked, id=25580, stack(0x000000bd47500000,0x000000bd47600000)]
  0x000001d3f92b2030 JavaThread "Reference Handler" daemon [_thread_blocked, id=25044, stack(0x000000bd47800000,0x000000bd47900000)]
  0x000001d3f92b30a0 JavaThread "Finalizer" daemon [_thread_blocked, id=29748, stack(0x000000bd47900000,0x000000bd47a00000)]
  0x000001d3f92dcf10 JavaThread "Signal Dispatcher" daemon [_thread_blocked, id=15352, stack(0x000000bd47a00000,0x000000bd47b00000)]
  0x000001d3f92dd8e0 JavaThread "Attach Listener" daemon [_thread_blocked, id=4280, stack(0x000000bd47b00000,0x000000bd47c00000)]
  0x000001d3f92de3b0 JavaThread "Service Thread" daemon [_thread_blocked, id=20496, stack(0x000000bd47c00000,0x000000bd47d00000)]
  0x000001d3f92ded80 JavaThread "Monitor Deflation Thread" daemon [_thread_blocked, id=26964, stack(0x000000bd47d00000,0x000000bd47e00000)]
  0x000001d3f92dfa30 JavaThread "C2 CompilerThread0" daemon [_thread_blocked, id=14532, stack(0x000000bd47e00000,0x000000bd47f00000)]
=>0x000001d3f92fc610 JavaThread "C1 CompilerThread0" daemon [_thread_in_native, id=23256, stack(0x000000bd47f00000,0x000000bd48000000)]
  0x000001d3f92fd2d0 JavaThread "Sweeper thread" daemon [_thread_blocked, id=4236, stack(0x000000bd48000000,0x000000bd48100000)]
  0x000001d3f256a460 JavaThread "Common-Cleaner" daemon [_thread_blocked, id=11692, stack(0x000000bd48100000,0x000000bd48200000)]
  0x000001d3fe72b5c0 JavaThread "Notification Thread" daemon [_thread_blocked, id=20820, stack(0x000000bd48200000,0x000000bd48300000)]
  0x000001d3fe85dac0 JavaThread "Active Thread: Equinox Container: ef8391b7-2ce9-40e5-aaa1-d09a4e7b4914" [_thread_blocked, id=25460, stack(0x000000bd48700000,0x000000bd48800000)]
  0x000001d3fe85dfd0 JavaThread "Framework Event Dispatcher: Equinox Container: ef8391b7-2ce9-40e5-aaa1-d09a4e7b4914" daemon [_thread_blocked, id=22500, stack(0x000000bd48800000,0x000000bd48900000)]
  0x000001d3fe85d5b0 JavaThread "Start Level: Equinox Container: ef8391b7-2ce9-40e5-aaa1-d09a4e7b4914" daemon [_thread_in_vm, id=12004, stack(0x000000bd48900000,0x000000bd48a00000)]
  0x000001d3fe85e4e0 JavaThread "Bundle File Closer" daemon [_thread_blocked, id=30044, stack(0x000000bd48a00000,0x000000bd48b00000)]
  0x000001d3fe85fe30 JavaThread "SCR Component Actor" daemon [_thread_blocked, id=8840, stack(0x000000bd48b00000,0x000000bd48c00000)]

Other Threads:
  0x000001d3f25aeb40 VMThread "VM Thread" [stack: 0x000000bd47700000,0x000000bd47800000] [id=7876]
  0x000001d3fe742ff0 WatcherThread [stack: 0x000000bd48300000,0x000000bd48400000] [id=17636]
  0x000001d3f251d400 GCTaskThread "GC Thread#0" [stack: 0x000000bd47600000,0x000000bd47700000] [id=25220]
  0x000001d3feba3d20 GCTaskThread "GC Thread#1" [stack: 0x000000bd48400000,0x000000bd48500000] [id=26852]
  0x000001d3feba3fe0 GCTaskThread "GC Thread#2" [stack: 0x000000bd48500000,0x000000bd48600000] [id=27316]
  0x000001d3feba42a0 GCTaskThread "GC Thread#3" [stack: 0x000000bd48600000,0x000000bd48700000] [id=8800]

Threads with active compile tasks:
C1 CompilerThread0    18317 2132   !   3       org.eclipse.osgi.internal.framework.EquinoxBundle::adapt0 (939 bytes)

VM state: not at safepoint (normal execution)

VM Mutex/Monitor currently owned by a thread:  ([mutex/lock_event])
[0x000001d3f2501ef0] Metaspace_lock - owner thread: 0x000001d3fe85d5b0

Heap address: 0x00000000c0000000, size: 1024 MB, Compressed Oops mode: 32-bit

CDS archive(s) not mapped
Compressed class space mapped at: 0x0000000100000000-0x0000000140000000, reserved size: 1073741824
Narrow klass base: 0x0000000000000000, Narrow klass shift: 3, Narrow klass range: 0x140000000

GC Precious Log:
 CPUs: 4 total, 4 available
 Memory: 6086M
 Large Page Support: Disabled
 NUMA Support: Disabled
 Compressed Oops: Enabled (32-bit)
 Alignments: Space 512K, Generation 512K, Heap 2M
 Heap Min Capacity: 100M
 Heap Initial Capacity: 100M
 Heap Max Capacity: 1G
 Pre-touch: Disabled
 Parallel Workers: 4

Heap:
 PSYoungGen      total 29696K, used 4768K [0x00000000eab00000, 0x00000000ecc00000, 0x0000000100000000)
  eden space 25600K, 2% used [0x00000000eab00000,0x00000000eabaaeb8,0x00000000ec400000)
  from space 4096K, 99% used [0x00000000ec400000,0x00000000ec7fd460,0x00000000ec800000)
  to   space 4096K, 0% used [0x00000000ec800000,0x00000000ec800000,0x00000000ecc00000)
 ParOldGen       total 68608K, used 5310K [0x00000000c0000000, 0x00000000c4300000, 0x00000000eab00000)
  object space 68608K, 7% used [0x00000000c0000000,0x00000000c052f9d0,0x00000000c4300000)
 Metaspace       used 16386K, committed 16640K, reserved 1114112K
  class space    used 1650K, committed 1728K, reserved 1048576K

Card table byte_map: [0x000001d3f6b90000,0x000001d3f6da0000] _byte_map_base: 0x000001d3f6590000

Marking Bits: (ParMarkBitMap*) 0x00007ffdb6f1d7d0
 Begin Bits: [0x000001d3f6f00000, 0x000001d3f7f00000)
 End Bits:   [0x000001d3f7f00000, 0x000001d3f8f00000)

Polling page: 0x000001d3f25b0000

Metaspace:

Usage:
  Non-class:     14.39 MB used.
      Class:      1.61 MB used.
       Both:     16.00 MB used.

Virtual space:
  Non-class space:       64.00 MB reserved,      14.56 MB ( 23%) committed,  1 nodes.
      Class space:        1.00 GB reserved,       1.69 MB ( <1%) committed,  1 nodes.
             Both:        1.06 GB reserved,      16.25 MB (  1%) committed. 

Chunk freelists:
   Non-Class:  1.50 MB
       Class:  14.31 MB
        Both:  15.81 MB

MaxMetaspaceSize: unlimited
CompressedClassSpaceSize: 1.00 GB
Initial GC threshold: 21.00 MB
Current GC threshold: 21.00 MB
CDS: off
MetaspaceReclaimPolicy: balanced
 - commit_granule_bytes: 65536.
 - commit_granule_words: 8192.
 - virtual_space_node_default_size: 8388608.
 - enlarge_chunks_in_place: 1.
 - new_chunks_are_fully_committed: 0.
 - uncommit_free_chunks: 1.
 - use_allocation_guard: 0.
 - handle_deallocations: 1.


Internal statistics:

num_allocs_failed_limit: 0.
num_arena_births: 112.
num_arena_deaths: 0.
num_vsnodes_births: 2.
num_vsnodes_deaths: 0.
num_space_committed: 260.
num_space_uncommitted: 0.
num_chunks_returned_to_freelist: 0.
num_chunks_taken_from_freelist: 367.
num_chunk_merges: 0.
num_chunk_splits: 232.
num_chunks_enlarged: 165.
num_inconsistent_stats: 0.

CodeHeap 'non-profiled nmethods': size=120000Kb used=958Kb max_used=958Kb free=119041Kb
 bounds [0x000001d387ad0000, 0x000001d387d40000, 0x000001d38f000000]
CodeHeap 'profiled nmethods': size=120000Kb used=3979Kb max_used=3979Kb free=116020Kb
 bounds [0x000001d380000000, 0x000001d3803f0000, 0x000001d387530000]
CodeHeap 'non-nmethods': size=5760Kb used=1161Kb max_used=1187Kb free=4599Kb
 bounds [0x000001d387530000, 0x000001d3877a0000, 0x000001d387ad0000]
 total_blobs=2587 nmethods=2128 adapters=373
 compilation: enabled
              stopped_count=0, restarted_count=0
 full_count=0

Compilation events (20 events):
Event: 18.212 Thread 0x000001d3f92fc610 nmethod 2121 0x000001d3803dea90 code [0x000001d3803ded00, 0x000001d3803df488]
Event: 18.212 Thread 0x000001d3f92fc610 2123       3       jdk.internal.loader.ClassLoaders::platformClassLoader (4 bytes)
Event: 18.212 Thread 0x000001d3f92fc610 nmethod 2123 0x000001d3803df790 code [0x000001d3803df920, 0x000001d3803dfa18]
Event: 18.242 Thread 0x000001d3f92fc610 2124   !   3       org.eclipse.osgi.storage.bundlefile.CloseableBundleFile::incrementReference (38 bytes)
Event: 18.244 Thread 0x000001d3f92fc610 nmethod 2124 0x000001d3803dfa90 code [0x000001d3803dfcc0, 0x000001d3803e05f8]
Event: 18.245 Thread 0x000001d3f92fc610 2125       3       java.lang.invoke.DirectMethodHandle::internalMemberName (8 bytes)
Event: 18.245 Thread 0x000001d3f92fc610 nmethod 2125 0x000001d3803e0910 code [0x000001d3803e0aa0, 0x000001d3803e0c78]
Event: 18.247 Thread 0x000001d3f92fc610 2126       3       org.eclipse.osgi.internal.framework.EquinoxBundle::getSymbolicName (11 bytes)
Event: 18.248 Thread 0x000001d3f92fc610 nmethod 2126 0x000001d3803e0d90 code [0x000001d3803e0f40, 0x000001d3803e1108]
Event: 18.255 Thread 0x000001d3f92fc610 2127       3       java.util.concurrent.atomic.AtomicInteger::incrementAndGet (14 bytes)
Event: 18.255 Thread 0x000001d3f92fc610 nmethod 2127 0x000001d3803e1210 code [0x000001d3803e13a0, 0x000001d3803e14b8]
Event: 18.256 Thread 0x000001d3f92fc610 2128       3       org.eclipse.osgi.framework.eventmgr.CopyOnWriteIdentityMap$Snapshot$EntrySet::iterator (12 bytes)
Event: 18.256 Thread 0x000001d3f92fc610 nmethod 2128 0x000001d3803e1590 code [0x000001d3803e1740, 0x000001d3803e1a18]
Event: 18.256 Thread 0x000001d3f92fc610 2129       3       org.eclipse.osgi.framework.eventmgr.CopyOnWriteIdentityMap$Snapshot$EntryIterator::<init> (11 bytes)
Event: 18.257 Thread 0x000001d3f92fc610 nmethod 2129 0x000001d3803e1b90 code [0x000001d3803e1d40, 0x000001d3803e1f78]
Event: 18.257 Thread 0x000001d3f92fc610 2130       3       org.eclipse.osgi.framework.eventmgr.CopyOnWriteIdentityMap$Snapshot$SnapshotIterator::<init> (24 bytes)
Event: 18.257 Thread 0x000001d3f92fc610 nmethod 2130 0x000001d3803e2090 code [0x000001d3803e2220, 0x000001d3803e23d8]
Event: 18.257 Thread 0x000001d3f92fc610 2131       3       org.eclipse.osgi.internal.framework.EquinoxBundle::checkAdaptPermission (29 bytes)
Event: 18.258 Thread 0x000001d3f92fc610 nmethod 2131 0x000001d3803e2510 code [0x000001d3803e2720, 0x000001d3803e2c88]
Event: 18.258 Thread 0x000001d3f92fc610 2132   !   3       org.eclipse.osgi.internal.framework.EquinoxBundle::adapt0 (939 bytes)

GC Heap History (6 events):
Event: 3.961 GC heap before
{Heap before GC invocations=1 (full 0):
 PSYoungGen      total 29696K, used 25600K [0x00000000eab00000, 0x00000000ecc00000, 0x0000000100000000)
  eden space 25600K, 100% used [0x00000000eab00000,0x00000000ec400000,0x00000000ec400000)
  from space 4096K, 0% used [0x00000000ec800000,0x00000000ec800000,0x00000000ecc00000)
  to   space 4096K, 0% used [0x00000000ec400000,0x00000000ec400000,0x00000000ec800000)
 ParOldGen       total 68608K, used 0K [0x00000000c0000000, 0x00000000c4300000, 0x00000000eab00000)
  object space 68608K, 0% used [0x00000000c0000000,0x00000000c0000000,0x00000000c4300000)
 Metaspace       used 11018K, committed 11200K, reserved 1114112K
  class space    used 1098K, committed 1216K, reserved 1048576K
}
Event: 4.020 GC heap after
{Heap after GC invocations=1 (full 0):
 PSYoungGen      total 29696K, used 3205K [0x00000000eab00000, 0x00000000ecc00000, 0x0000000100000000)
  eden space 25600K, 0% used [0x00000000eab00000,0x00000000eab00000,0x00000000ec400000)
  from space 4096K, 78% used [0x00000000ec400000,0x00000000ec721710,0x00000000ec800000)
  to   space 4096K, 0% used [0x00000000ec800000,0x00000000ec800000,0x00000000ecc00000)
 ParOldGen       total 68608K, used 0K [0x00000000c0000000, 0x00000000c4300000, 0x00000000eab00000)
  object space 68608K, 0% used [0x00000000c0000000,0x00000000c0000000,0x00000000c4300000)
 Metaspace       used 11018K, committed 11200K, reserved 1114112K
  class space    used 1098K, committed 1216K, reserved 1048576K
}
Event: 7.039 GC heap before
{Heap before GC invocations=2 (full 0):
 PSYoungGen      total 29696K, used 28805K [0x00000000eab00000, 0x00000000ecc00000, 0x0000000100000000)
  eden space 25600K, 100% used [0x00000000eab00000,0x00000000ec400000,0x00000000ec400000)
  from space 4096K, 78% used [0x00000000ec400000,0x00000000ec721710,0x00000000ec800000)
  to   space 4096K, 0% used [0x00000000ec800000,0x00000000ec800000,0x00000000ecc00000)
 ParOldGen       total 68608K, used 0K [0x00000000c0000000, 0x00000000c4300000, 0x00000000eab00000)
  object space 68608K, 0% used [0x00000000c0000000,0x00000000c0000000,0x00000000c4300000)
 Metaspace       used 14654K, committed 14912K, reserved 1114112K
  class space    used 1468K, committed 1600K, reserved 1048576K
}
Event: 7.049 GC heap after
{Heap after GC invocations=2 (full 0):
 PSYoungGen      total 29696K, used 4067K [0x00000000eab00000, 0x00000000ecc00000, 0x0000000100000000)
  eden space 25600K, 0% used [0x00000000eab00000,0x00000000eab00000,0x00000000ec400000)
  from space 4096K, 99% used [0x00000000ec800000,0x00000000ecbf8d08,0x00000000ecc00000)
  to   space 4096K, 0% used [0x00000000ec400000,0x00000000ec400000,0x00000000ec800000)
 ParOldGen       total 68608K, used 1546K [0x00000000c0000000, 0x00000000c4300000, 0x00000000eab00000)
  object space 68608K, 2% used [0x00000000c0000000,0x00000000c0182a20,0x00000000c4300000)
 Metaspace       used 14654K, committed 14912K, reserved 1114112K
  class space    used 1468K, committed 1600K, reserved 1048576K
}
Event: 18.262 GC heap before
{Heap before GC invocations=3 (full 0):
 PSYoungGen      total 29696K, used 29667K [0x00000000eab00000, 0x00000000ecc00000, 0x0000000100000000)
  eden space 25600K, 100% used [0x00000000eab00000,0x00000000ec400000,0x00000000ec400000)
  from space 4096K, 99% used [0x00000000ec800000,0x00000000ecbf8d08,0x00000000ecc00000)
  to   space 4096K, 0% used [0x00000000ec400000,0x00000000ec400000,0x00000000ec800000)
 ParOldGen       total 68608K, used 1546K [0x00000000c0000000, 0x00000000c4300000, 0x00000000eab00000)
  object space 68608K, 2% used [0x00000000c0000000,0x00000000c0182a20,0x00000000c4300000)
 Metaspace       used 16328K, committed 16576K, reserved 1114112K
  class space    used 1646K, committed 1728K, reserved 1048576K
}
Event: 18.272 GC heap after
{Heap after GC invocations=3 (full 0):
 PSYoungGen      total 29696K, used 4085K [0x00000000eab00000, 0x00000000ecc00000, 0x0000000100000000)
  eden space 25600K, 0% used [0x00000000eab00000,0x00000000eab00000,0x00000000ec400000)
  from space 4096K, 99% used [0x00000000ec400000,0x00000000ec7fd460,0x00000000ec800000)
  to   space 4096K, 0% used [0x00000000ec800000,0x00000000ec800000,0x00000000ecc00000)
 ParOldGen       total 68608K, used 5310K [0x00000000c0000000, 0x00000000c4300000, 0x00000000eab00000)
  object space 68608K, 7% used [0x00000000c0000000,0x00000000c052f9d0,0x00000000c4300000)
 Metaspace       used 16328K, committed 16576K, reserved 1114112K
  class space    used 1646K, committed 1728K, reserved 1048576K
}

Dll operation events (9 events):
Event: 0.029 Loaded shared library c:\Users\Akash\.vscode\extensions\redhat.java-1.27.0-win32-x64\jre\17.0.10-win32-x86_64\bin\java.dll
Event: 0.919 Loaded shared library c:\Users\Akash\.vscode\extensions\redhat.java-1.27.0-win32-x64\jre\17.0.10-win32-x86_64\bin\zip.dll
Event: 0.960 Loaded shared library C:\Users\Akash\.vscode\extensions\redhat.java-1.27.0-win32-x64\jre\17.0.10-win32-x86_64\bin\instrument.dll
Event: 0.984 Loaded shared library C:\Users\Akash\.vscode\extensions\redhat.java-1.27.0-win32-x64\jre\17.0.10-win32-x86_64\bin\net.dll
Event: 0.987 Loaded shared library C:\Users\Akash\.vscode\extensions\redhat.java-1.27.0-win32-x64\jre\17.0.10-win32-x86_64\bin\nio.dll
Event: 1.052 Loaded shared library C:\Users\Akash\.vscode\extensions\redhat.java-1.27.0-win32-x64\jre\17.0.10-win32-x86_64\bin\zip.dll
Event: 1.096 Loaded shared library C:\Users\Akash\.vscode\extensions\redhat.java-1.27.0-win32-x64\jre\17.0.10-win32-x86_64\bin\jimage.dll
Event: 1.320 Loaded shared library c:\Users\Akash\.vscode\extensions\redhat.java-1.27.0-win32-x64\jre\17.0.10-win32-x86_64\bin\verify.dll
Event: 6.524 Loaded shared library C:\Users\Akash\AppData\Roaming\Code\User\globalStorage\redhat.java\1.27.0\config_win\org.eclipse.equinox.launcher\org.eclipse.equinox.launcher.win32.win32.x86_64_1.2.900.v20240129-1338\eclipse_11900.dll

Deoptimization events (20 events):
Event: 8.181 Thread 0x000001d3fe85d5b0 DEOPT PACKING pc=0x000001d387b04d94 sp=0x000000bd489fde60
Event: 8.181 Thread 0x000001d3fe85d5b0 DEOPT UNPACKING pc=0x000001d3875866a3 sp=0x000000bd489fde30 mode 2
Event: 8.270 Thread 0x000001d3fe85d5b0 Uncommon trap: trap_request=0xffffff45 fr.pc=0x000001d387ae9b78 relative=0x00000000000000f8
Event: 8.270 Thread 0x000001d3fe85d5b0 Uncommon trap: reason=unstable_if action=reinterpret pc=0x000001d387ae9b78 method=java.lang.StringCoding.hasNegatives([BII)Z @ 12 c2
Event: 8.270 Thread 0x000001d3fe85d5b0 DEOPT PACKING pc=0x000001d387ae9b78 sp=0x000000bd489fd320
Event: 8.270 Thread 0x000001d3fe85d5b0 DEOPT UNPACKING pc=0x000001d3875866a3 sp=0x000000bd489fd2b0 mode 2
Event: 8.283 Thread 0x000001d3fe85d5b0 DEOPT PACKING pc=0x000001d380381056 sp=0x000000bd489fd320
Event: 8.283 Thread 0x000001d3fe85d5b0 DEOPT UNPACKING pc=0x000001d387586e43 sp=0x000000bd489fc7a8 mode 0
Event: 8.294 Thread 0x000001d3fe85d5b0 DEOPT PACKING pc=0x000001d380381056 sp=0x000000bd489fd320
Event: 8.294 Thread 0x000001d3fe85d5b0 DEOPT UNPACKING pc=0x000001d387586e43 sp=0x000000bd489fc7a8 mode 0
Event: 8.410 Thread 0x000001d3fe85d5b0 Uncommon trap: trap_request=0xffffff45 fr.pc=0x000001d387b2cd04 relative=0x0000000000000164
Event: 8.410 Thread 0x000001d3fe85d5b0 Uncommon trap: reason=unstable_if action=reinterpret pc=0x000001d387b2cd04 method=java.lang.String.startsWith(Ljava/lang/String;I)Z @ 50 c2
Event: 8.410 Thread 0x000001d3fe85d5b0 DEOPT PACKING pc=0x000001d387b2cd04 sp=0x000000bd489fe270
Event: 8.410 Thread 0x000001d3fe85d5b0 DEOPT UNPACKING pc=0x000001d3875866a3 sp=0x000000bd489fe178 mode 2
Event: 16.324 Thread 0x000001d3fe85d5b0 DEOPT PACKING pc=0x000001d380381056 sp=0x000000bd489fd770
Event: 16.324 Thread 0x000001d3fe85d5b0 DEOPT UNPACKING pc=0x000001d387586e43 sp=0x000000bd489fcc10 mode 0
Event: 18.149 Thread 0x000001d3fe85d5b0 Uncommon trap: trap_request=0xffffff45 fr.pc=0x000001d387bb3148 relative=0x0000000000000c48
Event: 18.149 Thread 0x000001d3fe85d5b0 Uncommon trap: reason=unstable_if action=reinterpret pc=0x000001d387bb3148 method=org.eclipse.osgi.framework.util.CaseInsensitiveDictionaryMap.findCommonKeyIndex(Ljava/lang/String;)Lorg/eclipse/osgi/framework/util/CaseInsensitiveDictionaryMap$CaseInsensit
Event: 18.149 Thread 0x000001d3fe85d5b0 DEOPT PACKING pc=0x000001d387bb3148 sp=0x000000bd489fe2c0
Event: 18.149 Thread 0x000001d3fe85d5b0 DEOPT UNPACKING pc=0x000001d3875866a3 sp=0x000000bd489fe260 mode 2

Classes unloaded (0 events):
No events

Classes redefined (0 events):
No events

Internal exceptions (20 events):
Event: 3.257 Thread 0x000001d3f250a610 Exception <a 'java/io/FileNotFoundException'{0x00000000ec0d45d8}> (0x00000000ec0d45d8) 
thrown [s\src\hotspot\share\prims\jni.cpp, line 516]
Event: 3.610 Thread 0x000001d3f250a610 Implicit null exception at 0x000001d387b0fb5b to 0x000001d387b10520
Event: 3.610 Thread 0x000001d3f250a610 Implicit null exception at 0x000001d387b1de6c to 0x000001d387b1e04c
Event: 3.610 Thread 0x000001d3f250a610 Implicit null exception at 0x000001d387b1208e to 0x000001d387b122c8
Event: 3.610 Thread 0x000001d3f250a610 Implicit null exception at 0x000001d387b1118f to 0x000001d387b11205
Event: 3.871 Thread 0x000001d3f250a610 Exception <a 'java/lang/NoSuchMethodError'{0x00000000ec3a69c8}: 'int java.lang.invoke.DirectMethodHandle$Holder.invokeStaticInit(java.lang.Object, java.lang.Object, java.lang.Object, java.lang.Object)'> (0x00000000ec3a69c8) 
thrown [s\src\hotspot\share\interpreter\linkResolver.cpp, line 759]
Event: 3.875 Thread 0x000001d3f250a610 Exception <a 'java/lang/NoSuchMethodError'{0x00000000ec3b1038}: 'java.lang.Object java.lang.invoke.DirectMethodHandle$Holder.invokeInterface(java.lang.Object, java.lang.Object)'> (0x00000000ec3b1038) 
thrown [s\src\hotspot\share\interpreter\linkResolver.cpp, line 759]
Event: 3.882 Thread 0x000001d3f250a610 Exception <a 'java/lang/IncompatibleClassChangeError'{0x00000000ec3b4830}: Found class java.lang.Object, but interface was expected> (0x00000000ec3b4830) 
thrown [s\src\hotspot\share\interpreter\linkResolver.cpp, line 826]
Event: 3.885 Thread 0x000001d3f250a610 Exception <a 'java/lang/NoSuchMethodError'{0x00000000ec3b8d20}: 'void java.lang.invoke.DirectMethodHandle$Holder.invokeStatic(java.lang.Object, java.lang.Object)'> (0x00000000ec3b8d20) 
thrown [s\src\hotspot\share\interpreter\linkResolver.cpp, line 759]
Event: 3.886 Thread 0x000001d3f250a610 Exception <a 'java/lang/NoSuchMethodError'{0x00000000ec3bc520}: 'void java.lang.invoke.DirectMethodHandle$Holder.invokeStaticInit(java.lang.Object, java.lang.Object)'> (0x00000000ec3bc520) 
thrown [s\src\hotspot\share\interpreter\linkResolver.cpp, line 759]
Event: 3.888 Thread 0x000001d3f250a610 Exception <a 'java/lang/NoSuchMethodError'{0x00000000ec3c3910}: 'int java.lang.invoke.DirectMethodHandle$Holder.invokeStaticInit(java.lang.Object, java.lang.Object)'> (0x00000000ec3c3910) 
thrown [s\src\hotspot\share\interpreter\linkResolver.cpp, line 759]
Event: 4.114 Thread 0x000001d3f250a610 Exception <a 'java/lang/NoSuchMethodError'{0x00000000eac525a8}: 'void java.lang.invoke.DirectMethodHandle$Holder.invokeSpecial(java.lang.Object, java.lang.Object, java.lang.Object)'> (0x00000000eac525a8) 
thrown [s\src\hotspot\share\interpreter\linkResolver.cpp, line 759]
Event: 5.779 Thread 0x000001d3f250a610 Exception <a 'java/lang/NoSuchMethodError'{0x00000000eba0def8}: 'java.lang.Object java.lang.invoke.DirectMethodHandle$Holder.newInvokeSpecial(java.lang.Object, int, java.lang.Object)'> (0x00000000eba0def8) 
thrown [s\src\hotspot\share\interpreter\linkResolver.cpp, line 759]
Event: 6.519 Thread 0x000001d3f250a610 Exception <a 'java/lang/UnsatisfiedLinkError'{0x00000000ebfb2478}: 'void org.eclipse.equinox.launcher.JNIBridge._update_splash()'> (0x00000000ebfb2478) 
thrown [s\src\hotspot\share\prims\nativeLookup.cpp, line 543]
Event: 6.919 Thread 0x000001d3fe85d5b0 Exception <a 'java/lang/NoSuchMethodError'{0x00000000ec304718}: 'java.lang.Object java.lang.invoke.DirectMethodHandle$Holder.invokeStaticInit(java.lang.Object)'> (0x00000000ec304718) 
thrown [s\src\hotspot\share\interpreter\linkResolver.cpp, line 759]
Event: 7.012 Thread 0x000001d3fe85d5b0 Exception <a 'java/lang/NoSuchMethodError'{0x00000000ec3ccbd0}: 'java.lang.Object java.lang.invoke.DirectMethodHandle$Holder.newInvokeSpecial(java.lang.Object, java.lang.Object, int, java.lang.Object)'> (0x00000000ec3ccbd0) 
thrown [s\src\hotspot\share\interpreter\linkResolver.cpp, line 759]
Event: 7.014 Thread 0x000001d3fe85d5b0 Exception <a 'java/lang/NoSuchMethodError'{0x00000000ec3d0eb8}: 'java.lang.Object java.lang.invoke.DirectMethodHandle$Holder.invokeSpecial(java.lang.Object, java.lang.Object, java.lang.Object, int, java.lang.Object)'> (0x00000000ec3d0eb8) 
thrown [s\src\hotspot\share\interpreter\linkResolver.cpp, line 759]
Event: 7.372 Thread 0x000001d3fe85d5b0 Exception <a 'java/lang/ClassNotFoundException'{0x00000000ead925a0}: sun/util/logging/resources/spi/loggingProvider> (0x00000000ead925a0) 
thrown [s\src\hotspot\share\classfile\systemDictionary.cpp, line 256]
Event: 18.246 Thread 0x000001d3fe85d5b0 Exception <a 'java/lang/NullPointerException'{0x00000000ec3707f0}> (0x00000000ec3707f0) 
thrown [s\src\hotspot\share\interpreter\linkResolver.cpp, line 1350]
Event: 18.246 Thread 0x000001d3fe85d5b0 Exception <a 'java/lang/NullPointerException'{0x00000000ec370ac8}> (0x00000000ec370ac8) 
thrown [s\src\hotspot\share\interpreter\linkResolver.cpp, line 1350]

VM Operations (20 events):
Event: 7.460 Executing VM operation: HandshakeAllThreads
Event: 7.460 Executing VM operation: HandshakeAllThreads done
Event: 7.508 Executing VM operation: HandshakeAllThreads
Event: 7.508 Executing VM operation: HandshakeAllThreads done
Event: 7.541 Executing VM operation: HandshakeAllThreads
Event: 7.541 Executing VM operation: HandshakeAllThreads done
Event: 8.549 Executing VM operation: Cleanup
Event: 8.550 Executing VM operation: Cleanup done
Event: 9.551 Executing VM operation: Cleanup
Event: 9.551 Executing VM operation: Cleanup done
Event: 12.567 Executing VM operation: Cleanup
Event: 12.567 Executing VM operation: Cleanup done
Event: 16.602 Executing VM operation: Cleanup
Event: 16.602 Executing VM operation: Cleanup done
Event: 18.216 Executing VM operation: HandshakeAllThreads
Event: 18.241 Executing VM operation: HandshakeAllThreads done
Event: 18.241 Executing VM operation: Cleanup
Event: 18.241 Executing VM operation: Cleanup done
Event: 18.262 Executing VM operation: ParallelGCFailedAllocation
Event: 18.272 Executing VM operation: ParallelGCFailedAllocation done

Events (20 events):
Event: 18.183 loading class java/util/concurrent/ConcurrentLinkedQueue$Node
Event: 18.183 loading class java/util/concurrent/ConcurrentLinkedQueue$Node done
Event: 18.244 loading class java/net/UnknownServiceException
Event: 18.244 loading class java/net/UnknownServiceException done
Event: 18.246 loading class java/util/ImmutableCollections$Map1
Event: 18.246 loading class java/util/ImmutableCollections$Map1 done
Event: 18.248 loading class java/util/AbstractMap$1
Event: 18.248 loading class java/util/AbstractMap$1 done
Event: 18.248 loading class java/util/AbstractMap$1$1
Event: 18.248 loading class java/util/AbstractMap$1$1 done
Event: 18.261 loading class org/xml/sax/helpers/DefaultHandler
Event: 18.261 loading class org/xml/sax/EntityResolver
Event: 18.261 loading class org/xml/sax/EntityResolver done
Event: 18.261 loading class org/xml/sax/DTDHandler
Event: 18.261 loading class org/xml/sax/DTDHandler done
Event: 18.261 loading class org/xml/sax/ContentHandler
Event: 18.262 loading class org/xml/sax/ContentHandler done
Event: 18.262 loading class org/xml/sax/ErrorHandler
Event: 18.262 loading class org/xml/sax/ErrorHandler done
Event: 18.262 loading class org/xml/sax/helpers/DefaultHandler done


Dynamic libraries:
0x00007ff6fddd0000 - 0x00007ff6fddde000 	c:\Users\Akash\.vscode\extensions\redhat.java-1.27.0-win32-x64\jre\17.0.10-win32-x86_64\bin\java.exe
0x00007ffe4eff0000 - 0x00007ffe4f207000 	C:\WINDOWS\SYSTEM32\ntdll.dll
0x00007ffe4e190000 - 0x00007ffe4e254000 	C:\WINDOWS\System32\KERNEL32.DLL
0x00007ffe4c780000 - 0x00007ffe4cb26000 	C:\WINDOWS\System32\KERNELBASE.dll
0x00007ffe4c660000 - 0x00007ffe4c771000 	C:\WINDOWS\System32\ucrtbase.dll
0x00007ffe36dc0000 - 0x00007ffe36dd7000 	c:\Users\Akash\.vscode\extensions\redhat.java-1.27.0-win32-x64\jre\17.0.10-win32-x86_64\bin\jli.dll
0x00007ffe4eb00000 - 0x00007ffe4ecae000 	C:\WINDOWS\System32\USER32.dll
0x00007ffe4c4d0000 - 0x00007ffe4c4f6000 	C:\WINDOWS\System32\win32u.dll
0x00007ffe4e260000 - 0x00007ffe4e289000 	C:\WINDOWS\System32\GDI32.dll
0x00007ffe4c330000 - 0x00007ffe4c448000 	C:\WINDOWS\System32\gdi32full.dll
0x00007ffe4cb30000 - 0x00007ffe4cbca000 	C:\WINDOWS\System32\msvcp_win.dll
0x00007ffe2e090000 - 0x00007ffe2e0ab000 	c:\Users\Akash\.vscode\extensions\redhat.java-1.27.0-win32-x64\jre\17.0.10-win32-x86_64\bin\VCRUNTIME140.dll
0x00007ffe3ba50000 - 0x00007ffe3bce3000 	C:\WINDOWS\WinSxS\amd64_microsoft.windows.common-controls_6595b64144ccf1df_6.0.22621.2506_none_270c5ae97388e100\COMCTL32.dll
0x00007ffe4e9e0000 - 0x00007ffe4ea87000 	C:\WINDOWS\System32\msvcrt.dll
0x00007ffe4ed70000 - 0x00007ffe4eda1000 	C:\WINDOWS\System32\IMM32.DLL
0x00007ffe475f0000 - 0x00007ffe475fc000 	c:\Users\Akash\.vscode\extensions\redhat.java-1.27.0-win32-x64\jre\17.0.10-win32-x86_64\bin\vcruntime140_1.dll
0x00007ffe28d90000 - 0x00007ffe28e1d000 	c:\Users\Akash\.vscode\extensions\redhat.java-1.27.0-win32-x64\jre\17.0.10-win32-x86_64\bin\msvcp140.dll
0x00007ffdb6380000 - 0x00007ffdb6fe2000 	c:\Users\Akash\.vscode\extensions\redhat.java-1.27.0-win32-x64\jre\17.0.10-win32-x86_64\bin\server\jvm.dll
0x00007ffe4edb0000 - 0x00007ffe4ee63000 	C:\WINDOWS\System32\ADVAPI32.dll
0x00007ffe4ecc0000 - 0x00007ffe4ed68000 	C:\WINDOWS\System32\sechost.dll
0x00007ffe4c570000 - 0x00007ffe4c598000 	C:\WINDOWS\System32\bcrypt.dll
0x00007ffe4da70000 - 0x00007ffe4db87000 	C:\WINDOWS\System32\RPCRT4.dll
0x00007ffe4c200000 - 0x00007ffe4c24d000 	C:\WINDOWS\SYSTEM32\POWRPROF.dll
0x00007ffe44e90000 - 0x00007ffe44e99000 	C:\WINDOWS\SYSTEM32\WSOCK32.dll
0x00007ffe4d8f0000 - 0x00007ffe4d961000 	C:\WINDOWS\System32\WS2_32.dll
0x00007ffe42a40000 - 0x00007ffe42a74000 	C:\WINDOWS\SYSTEM32\WINMM.dll
0x00007ffe42870000 - 0x00007ffe4287a000 	C:\WINDOWS\SYSTEM32\VERSION.dll
0x00007ffe4c1e0000 - 0x00007ffe4c1f3000 	C:\WINDOWS\SYSTEM32\UMPDC.dll
0x00007ffe4b340000 - 0x00007ffe4b358000 	C:\WINDOWS\SYSTEM32\kernel.appcore.dll
0x00007ffe475c0000 - 0x00007ffe475ca000 	c:\Users\Akash\.vscode\extensions\redhat.java-1.27.0-win32-x64\jre\17.0.10-win32-x86_64\bin\jimage.dll
0x00007ffe341c0000 - 0x00007ffe343f3000 	C:\WINDOWS\SYSTEM32\DBGHELP.DLL
0x00007ffe4dc40000 - 0x00007ffe4dfc9000 	C:\WINDOWS\System32\combase.dll
0x00007ffe4ee70000 - 0x00007ffe4ef47000 	C:\WINDOWS\System32\OLEAUT32.dll
0x00007ffe2eb30000 - 0x00007ffe2eb62000 	C:\WINDOWS\SYSTEM32\dbgcore.DLL
0x00007ffe4c450000 - 0x00007ffe4c4ca000 	C:\WINDOWS\System32\bcryptPrimitives.dll
0x00007ffe47580000 - 0x00007ffe4758e000 	c:\Users\Akash\.vscode\extensions\redhat.java-1.27.0-win32-x64\jre\17.0.10-win32-x86_64\bin\instrument.dll
0x00007ffe2df20000 - 0x00007ffe2df45000 	c:\Users\Akash\.vscode\extensions\redhat.java-1.27.0-win32-x64\jre\17.0.10-win32-x86_64\bin\java.dll
0x00007ffe2e070000 - 0x00007ffe2e088000 	c:\Users\Akash\.vscode\extensions\redhat.java-1.27.0-win32-x64\jre\17.0.10-win32-x86_64\bin\zip.dll
0x00007ffe4cff0000 - 0x00007ffe4d84a000 	C:\WINDOWS\System32\SHELL32.dll
0x00007ffe4a230000 - 0x00007ffe4ab26000 	C:\WINDOWS\SYSTEM32\windows.storage.dll
0x00007ffe4a0f0000 - 0x00007ffe4a22e000 	C:\WINDOWS\SYSTEM32\wintypes.dll
0x00007ffe4d970000 - 0x00007ffe4da63000 	C:\WINDOWS\System32\SHCORE.dll
0x00007ffe4ef50000 - 0x00007ffe4efae000 	C:\WINDOWS\System32\shlwapi.dll
0x00007ffe4c260000 - 0x00007ffe4c286000 	C:\WINDOWS\SYSTEM32\profapi.dll
0x00007ffe29910000 - 0x00007ffe29929000 	C:\Users\Akash\.vscode\extensions\redhat.java-1.27.0-win32-x64\jre\17.0.10-win32-x86_64\bin\net.dll
0x00007ffe40070000 - 0x00007ffe401a7000 	C:\WINDOWS\SYSTEM32\WINHTTP.dll
0x00007ffe4b7e0000 - 0x00007ffe4b849000 	C:\WINDOWS\system32\mswsock.dll
0x00007ffe28b30000 - 0x00007ffe28b46000 	C:\Users\Akash\.vscode\extensions\redhat.java-1.27.0-win32-x64\jre\17.0.10-win32-x86_64\bin\nio.dll
0x00007ffe35070000 - 0x00007ffe35080000 	c:\Users\Akash\.vscode\extensions\redhat.java-1.27.0-win32-x64\jre\17.0.10-win32-x86_64\bin\verify.dll
0x00007ffe28c50000 - 0x00007ffe28c8e000 	C:\Users\Akash\AppData\Roaming\Code\User\globalStorage\redhat.java\1.27.0\config_win\org.eclipse.equinox.launcher\org.eclipse.equinox.launcher.win32.win32.x86_64_1.2.900.v20240129-1338\eclipse_11900.dll
0x00007ffe4cd50000 - 0x00007ffe4cef0000 	C:\WINDOWS\System32\ole32.dll

dbghelp: loaded successfully - version: 4.0.5 - missing functions: none
symbol engine: initialized successfully - sym options: 0x614 - pdb path: .;c:\Users\Akash\.vscode\extensions\redhat.java-1.27.0-win32-x64\jre\17.0.10-win32-x86_64\bin;C:\WINDOWS\SYSTEM32;C:\WINDOWS\WinSxS\amd64_microsoft.windows.common-controls_6595b64144ccf1df_6.0.22621.2506_none_270c5ae97388e100;c:\Users\Akash\.vscode\extensions\redhat.java-1.27.0-win32-x64\jre\17.0.10-win32-x86_64\bin\server;C:\Users\Akash\AppData\Roaming\Code\User\globalStorage\redhat.java\1.27.0\config_win\org.eclipse.equinox.launcher\org.eclipse.equinox.launcher.win32.win32.x86_64_1.2.900.v20240129-1338

VM Arguments:
jvm_args: --add-modules=ALL-SYSTEM --add-opens=java.base/java.util=ALL-UNNAMED --add-opens=java.base/java.lang=ALL-UNNAMED --add-opens=java.base/sun.nio.fs=ALL-UNNAMED -Declipse.application=org.eclipse.jdt.ls.core.id1 -Dosgi.bundles.defaultStartLevel=4 -Declipse.product=org.eclipse.jdt.ls.core.product -Djava.import.generatesMetadataFilesAtProjectRoot=false -DDetectVMInstallationsJob.disabled=true -Dfile.encoding=utf8 -XX:+UseParallelGC -XX:GCTimeRatio=4 -XX:AdaptiveSizePolicyWeight=90 -Dsun.zip.disableMemoryMapping=true -Xmx1G -Xms100m -Xlog:disable -javaagent:c:\Users\Akash\.vscode\extensions\redhat.java-1.27.0-win32-x64\lombok\lombok-1.18.31.jar -XX:+HeapDumpOnOutOfMemoryError -XX:HeapDumpPath=c:\Users\Akash\AppData\Roaming\Code\User\workspaceStorage\45adc3ce613ddee9ed0597dbf71d75d8\redhat.java -Daether.dependencyCollector.impl=bf 
java_command: c:\Users\Akash\.vscode\extensions\redhat.java-1.27.0-win32-x64\server\plugins\org.eclipse.equinox.launcher_1.6.700.v20231214-2017.jar -configuration c:\Users\Akash\AppData\Roaming\Code\User\globalStorage\redhat.java\1.27.0\config_win -data c:\Users\Akash\AppData\Roaming\Code\User\workspaceStorage\45adc3ce613ddee9ed0597dbf71d75d8\redhat.java\jdt_ws --stdio
java_class_path (initial): c:\Users\Akash\.vscode\extensions\redhat.java-1.27.0-win32-x64\server\plugins\org.eclipse.equinox.launcher_1.6.700.v20231214-2017.jar
Launcher Type: SUN_STANDARD

[Global flags]
    uintx AdaptiveSizePolicyWeight                 = 90                                        {product} {command line}
     intx CICompilerCount                          = 3                                         {product} {ergonomic}
    uintx GCTimeRatio                              = 4                                         {product} {command line}
     bool HeapDumpOnOutOfMemoryError               = true                                   {manageable} {command line}
    ccstr HeapDumpPath                             = c:\Users\Akash\AppData\Roaming\Code\User\workspaceStorage\45adc3ce613ddee9ed0597dbf71d75d8\redhat.java         {manageable} {command line}
   size_t InitialHeapSize                          = 104857600                                 {product} {command line}
   size_t MaxHeapSize                              = 1073741824                                {product} {command line}
   size_t MaxNewSize                               = 357564416                                 {product} {ergonomic}
   size_t MinHeapDeltaBytes                        = 524288                                    {product} {ergonomic}
   size_t MinHeapSize                              = 104857600                                 {product} {command line}
   size_t NewSize                                  = 34603008                                  {product} {ergonomic}
    uintx NonNMethodCodeHeapSize                   = 5832780                                {pd product} {ergonomic}
    uintx NonProfiledCodeHeapSize                  = 122912730                              {pd product} {ergonomic}
   size_t OldSize                                  = 70254592                                  {product} {ergonomic}
    uintx ProfiledCodeHeapSize                     = 122912730                              {pd product} {ergonomic}
    uintx ReservedCodeCacheSize                    = 251658240                              {pd product} {ergonomic}
     bool SegmentedCodeCache                       = true                                      {product} {ergonomic}
   size_t SoftMaxHeapSize                          = 1073741824                             {manageable} {ergonomic}
     bool UseCompressedClassPointers               = true                           {product lp64_product} {ergonomic}
     bool UseCompressedOops                        = true                           {product lp64_product} {ergonomic}
     bool UseLargePagesIndividualAllocation        = false                                  {pd product} {ergonomic}
     bool UseParallelGC                            = true                                      {product} {command line}

Logging:
Log output configuration:
 #0: stdout all=off uptime,level,tags
 #1: stderr all=off uptime,level,tags

Environment Variables:
JAVA_HOME=C:\Program Files\Microsoft\jdk-11.0.20.8-hotspot\
PATH=C:\Program Files\Microsoft\jdk-21.0.1.12-hotspot\bin;C:\Program Files\Microsoft\jdk-11.0.20.8-hotspot\bin;C:\WINDOWS\system32;C:\WINDOWS;C:\WINDOWS\System32\Wbem;C:\WINDOWS\System32\WindowsPowerShell\v1.0\;C:\WINDOWS\System32\OpenSSH\;C:\Program Files\Git\cmd;C:\ProgramData\chocolatey\bin;C:\Program Files\nodejs\;C:\Users\Akash\AppData\Local\Android\Sdk\platform-tools;C:\Program Files\wkhtmltopdf\bin;C:\Program Files\Kubernetes\Minikube;;C:\Program Files\Docker\Docker\resources\bin;C:\Users\Akash\AppData\Local\Programs\Python\Python311\Scripts\;C:\Users\Akash\AppData\Local\Programs\Python\Python311\;C:\Users\Akash\AppData\Local\Microsoft\WindowsApps;C:\Users\Akash\AppData\Local\Programs\Microsoft VS Code\bin;C:\Program Files\PostgreSQL\13\bin\;C:\Users\Akash\AppData\Roaming\npm;C:\Users\Akash\AppData\Local\Microsoft\WinGet\Packages\Kubernetes.kubectl_Microsoft.Winget.Source_8wekyb3d8bbwe;
USERNAME=Akash
OS=Windows_NT
PROCESSOR_IDENTIFIER=AMD64 Family 23 Model 24 Stepping 1, AuthenticAMD
TMP=C:\Users\Akash\AppData\Local\Temp
TEMP=C:\Users\Akash\AppData\Local\Temp



Periodic native trim disabled


---------------  S Y S T E M  ---------------

OS:
 Windows 11 , 64 bit Build 22621 (10.0.22621.2506)
OS uptime: 1 days 20:29 hours
Hyper-V role detected

CPU: total 4 (initial active 4) (4 cores per cpu, 2 threads per core) family 23 model 24 stepping 1 microcode 0x0, cx8, cmov, fxsr, ht, mmx, 3dnowpref, sse, sse2, sse3, ssse3, sse4a, sse4.1, sse4.2, popcnt, lzcnt, tsc, tscinvbit, avx, avx2, aes, clmul, bmi1, bmi2, adx, sha, fma, vzeroupper, clflush, clflushopt, hv
Processor Information for all 4 processors :
  Max Mhz: 2600, Current Mhz: 2600, Mhz Limit: 2600

Memory: 4k page, system-wide physical 6086M (264M free)
TotalPageFile size 24518M (AvailPageFile size 0M)
current process WorkingSet (physical memory assigned to process): 98M, peak: 98M
current process commit charge ("private bytes"): 198M, peak: 199M

vm_info: OpenJDK 64-Bit Server VM (17.0.10+7) for windows-amd64 JRE (17.0.10+7), built on Jan 16 2024 23:25:11 by "admin" with MS VC++ 16.10 / 16.11 (VS2019)

END.
